0 verbose cli C:\Program Files\nodejs\node.exe C:\Program Files\nodejs\node_modules\npm\bin\npm-cli.js
1 info using npm@11.6.2
2 info using node@v25.1.0
3 silly config load:file:C:\Program Files\nodejs\node_modules\npm\npmrc
4 silly config load:file:D:\Assignment\Công nghệ phân mềm\SoftE-Project-251\client\.npmrc
5 silly config load:file:C:\Users\DELL\.npmrc
6 silly config load:file:D:\Assignment\Công nghệ phân mềm\SoftE-Project-251\client\%PREFIX%\etc\npmrc
7 verbose title npm install bootstrap
8 verbose argv "install" "bootstrap"
9 verbose logfile logs-max:10 dir:D:\Assignment\Công nghệ phân mềm\SoftE-Project-251\client\%CACHE%\_logs\2025-11-27T06_33_42_998Z-
10 verbose logfile D:\Assignment\Công nghệ phân mềm\SoftE-Project-251\client\%CACHE%\_logs\2025-11-27T06_33_42_998Z-debug-0.log
11 silly logfile start cleaning logs, removing 1 files
12 silly packumentCache heap:2348810240 maxSize:587202560 maxEntrySize:293601280
13 silly logfile done cleaning log files
14 silly idealTree buildDeps
15 silly fetch manifest bootstrap@^5.3.8
16 silly packumentCache full:https://registry.npmjs.org/bootstrap cache-miss
17 http cache https://registry.npmjs.org/bootstrap 113ms (cache hit)
18 silly packumentCache full:https://registry.npmjs.org/bootstrap set size:577874 disposed:false
19 silly fetch manifest @popperjs/core@^2.11.8
20 silly packumentCache full:https://registry.npmjs.org/@popperjs%2fcore cache-miss
21 http cache https://registry.npmjs.org/@popperjs%2fcore 8ms (cache hit)
22 silly packumentCache full:https://registry.npmjs.org/@popperjs%2fcore set size:579534 disposed:false
23 silly placeDep ROOT bootstrap@5.3.8 REPLACE for: Tutor Support System@0.1.0 want: ^5.3.8
24 silly reify moves {}
25 silly audit bulk request {
25 silly audit   '@adobe/css-tools': [ '4.4.4' ],
25 silly audit   '@asamuzakjp/css-color': [ '4.0.5' ],
25 silly audit   '@asamuzakjp/dom-selector': [ '6.7.2' ],
25 silly audit   '@asamuzakjp/nwsapi': [ '2.3.9' ],
25 silly audit   '@babel/code-frame': [ '7.27.1' ],
25 silly audit   '@babel/helper-validator-identifier': [ '7.27.1' ],
25 silly audit   '@babel/runtime': [ '7.28.4' ],
25 silly audit   '@cspotcode/source-map-support': [ '0.8.1' ],
25 silly audit   '@csstools/color-helpers': [ '5.1.0' ],
25 silly audit   '@csstools/css-calc': [ '2.1.4' ],
25 silly audit   '@csstools/css-color-parser': [ '3.1.0' ],
25 silly audit   '@csstools/css-parser-algorithms': [ '3.0.5' ],
25 silly audit   '@csstools/css-syntax-patches-for-csstree': [ '1.0.14' ],
25 silly audit   '@csstools/css-tokenizer': [ '3.0.4' ],
25 silly audit   '@edge-runtime/format': [ '2.2.1' ],
25 silly audit   '@edge-runtime/node-utils': [ '2.3.0' ],
25 silly audit   '@edge-runtime/ponyfill': [ '2.4.2' ],
25 silly audit   '@edge-runtime/primitives': [ '4.1.0' ],
25 silly audit   '@edge-runtime/vm': [ '3.2.0' ],
25 silly audit   '@emnapi/core': [ '1.6.0' ],
25 silly audit   '@emnapi/runtime': [ '1.6.0' ],
25 silly audit   '@emnapi/wasi-threads': [ '1.1.0' ],
25 silly audit   '@esbuild/aix-ppc64': [ '0.25.11' ],
25 silly audit   '@esbuild/android-arm': [ '0.25.11' ],
25 silly audit   '@esbuild/android-arm64': [ '0.25.11' ],
25 silly audit   '@esbuild/android-x64': [ '0.25.11' ],
25 silly audit   '@esbuild/darwin-arm64': [ '0.25.11' ],
25 silly audit   '@esbuild/darwin-x64': [ '0.25.11' ],
25 silly audit   '@esbuild/freebsd-arm64': [ '0.25.11' ],
25 silly audit   '@esbuild/freebsd-x64': [ '0.25.11' ],
25 silly audit   '@esbuild/linux-arm': [ '0.25.11' ],
25 silly audit   '@esbuild/linux-arm64': [ '0.25.11' ],
25 silly audit   '@esbuild/linux-ia32': [ '0.25.11' ],
25 silly audit   '@esbuild/linux-loong64': [ '0.25.11' ],
25 silly audit   '@esbuild/linux-mips64el': [ '0.25.11' ],
25 silly audit   '@esbuild/linux-ppc64': [ '0.25.11' ],
25 silly audit   '@esbuild/linux-riscv64': [ '0.25.11' ],
25 silly audit   '@esbuild/linux-s390x': [ '0.25.11' ],
25 silly audit   '@esbuild/linux-x64': [ '0.25.11' ],
25 silly audit   '@esbuild/netbsd-arm64': [ '0.25.11' ],
25 silly audit   '@esbuild/netbsd-x64': [ '0.25.11' ],
25 silly audit   '@esbuild/openbsd-arm64': [ '0.25.11' ],
25 silly audit   '@esbuild/openbsd-x64': [ '0.25.11' ],
25 silly audit   '@esbuild/openharmony-arm64': [ '0.25.11' ],
25 silly audit   '@esbuild/sunos-x64': [ '0.25.11' ],
25 silly audit   '@esbuild/win32-arm64': [ '0.25.11' ],
25 silly audit   '@esbuild/win32-ia32': [ '0.25.11' ],
25 silly audit   '@esbuild/win32-x64': [ '0.25.11' ],
25 silly audit   '@fastify/busboy': [ '2.1.1' ],
25 silly audit   '@floating-ui/core': [ '1.7.3' ],
25 silly audit   '@floating-ui/dom': [ '1.7.4' ],
25 silly audit   '@floating-ui/react-dom': [ '2.1.6' ],
25 silly audit   '@floating-ui/utils': [ '0.2.10' ],
25 silly audit   '@hookform/resolvers': [ '5.2.2' ],
25 silly audit   '@isaacs/cliui': [ '8.0.2' ],
25 silly audit   '@isaacs/fs-minipass': [ '4.0.1' ],
25 silly audit   '@jridgewell/resolve-uri': [ '3.1.2' ],
25 silly audit   '@jridgewell/sourcemap-codec': [ '1.5.5' ],
25 silly audit   '@jridgewell/trace-mapping': [ '0.3.9' ],
25 silly audit   '@mapbox/node-pre-gyp': [ '2.0.0' ],
25 silly audit   chownr: [ '3.0.0', '2.0.0' ],
25 silly audit   minizlib: [ '3.1.0', '2.1.2' ],
25 silly audit   tar: [ '7.5.1', '6.2.1' ],
25 silly audit   yallist: [ '5.0.0', '4.0.0' ],
25 silly audit   '@napi-rs/wasm-runtime': [ '1.0.7' ],
25 silly audit   '@nodelib/fs.scandir': [ '2.1.5' ],
25 silly audit   '@nodelib/fs.stat': [ '2.0.5' ],
25 silly audit   '@nodelib/fs.walk': [ '1.2.8' ],
25 silly audit   '@oxc-project/runtime': [ '0.82.3' ],
25 silly audit   '@oxc-project/types': [ '0.82.3' ],
25 silly audit   '@pkgjs/parseargs': [ '0.11.0' ],
25 silly audit   '@popperjs/core': [ '2.11.8' ],
25 silly audit   '@radix-ui/number': [ '1.1.1' ],
25 silly audit   '@radix-ui/primitive': [ '1.1.3' ],
25 silly audit   '@radix-ui/react-accordion': [ '1.2.12' ],
25 silly audit   '@radix-ui/react-alert-dialog': [ '1.1.15' ],
25 silly audit   '@radix-ui/react-arrow': [ '1.1.7' ],
25 silly audit   '@radix-ui/react-aspect-ratio': [ '1.1.7' ],
25 silly audit   '@radix-ui/react-avatar': [ '1.1.10' ],
25 silly audit   '@radix-ui/react-checkbox': [ '1.3.3' ],
25 silly audit   '@radix-ui/react-collapsible': [ '1.1.12' ],
25 silly audit   '@radix-ui/react-collection': [ '1.1.7' ],
25 silly audit   '@radix-ui/react-compose-refs': [ '1.1.2' ],
25 silly audit   '@radix-ui/react-context': [ '1.1.2' ],
25 silly audit   '@radix-ui/react-context-menu': [ '2.2.16' ],
25 silly audit   '@radix-ui/react-dialog': [ '1.1.15' ],
25 silly audit   '@radix-ui/react-direction': [ '1.1.1' ],
25 silly audit   '@radix-ui/react-dismissable-layer': [ '1.1.11' ],
25 silly audit   '@radix-ui/react-dropdown-menu': [ '2.1.16' ],
25 silly audit   '@radix-ui/react-focus-guards': [ '1.1.3' ],
25 silly audit   '@radix-ui/react-focus-scope': [ '1.1.7' ],
25 silly audit   '@radix-ui/react-hover-card': [ '1.1.15' ],
25 silly audit   '@radix-ui/react-id': [ '1.1.1' ],
25 silly audit   '@radix-ui/react-label': [ '2.1.7' ],
25 silly audit   '@radix-ui/react-menu': [ '2.1.16' ],
25 silly audit   '@radix-ui/react-menubar': [ '1.1.16' ],
25 silly audit   '@radix-ui/react-navigation-menu': [ '1.2.14' ],
25 silly audit   '@radix-ui/react-popover': [ '1.1.15' ],
25 silly audit   '@radix-ui/react-popper': [ '1.2.8' ],
25 silly audit   '@radix-ui/react-portal': [ '1.1.9' ],
25 silly audit   '@radix-ui/react-presence': [ '1.1.5' ],
25 silly audit   '@radix-ui/react-primitive': [ '2.1.3' ],
25 silly audit   '@radix-ui/react-progress': [ '1.1.7' ],
25 silly audit   '@radix-ui/react-radio-group': [ '1.3.8' ],
25 silly audit   '@radix-ui/react-roving-focus': [ '1.1.11' ],
25 silly audit   '@radix-ui/react-scroll-area': [ '1.2.10' ],
25 silly audit   '@radix-ui/react-select': [ '2.2.6' ],
25 silly audit   '@radix-ui/react-separator': [ '1.1.7' ],
25 silly audit   '@radix-ui/react-slider': [ '1.3.6' ],
25 silly audit   '@radix-ui/react-slot': [ '1.2.3' ],
25 silly audit   '@radix-ui/react-switch': [ '1.2.6' ],
25 silly audit   '@radix-ui/react-tabs': [ '1.1.13' ],
25 silly audit   '@radix-ui/react-toggle': [ '1.1.10' ],
25 silly audit   '@radix-ui/react-toggle-group': [ '1.1.11' ],
25 silly audit   '@radix-ui/react-tooltip': [ '1.2.8' ],
25 silly audit   '@radix-ui/react-use-callback-ref': [ '1.1.1' ],
25 silly audit   '@radix-ui/react-use-controllable-state': [ '1.2.2' ],
25 silly audit   '@radix-ui/react-use-effect-event': [ '0.0.2' ],
25 silly audit   '@radix-ui/react-use-escape-keydown': [ '1.1.1' ],
25 silly audit   '@radix-ui/react-use-is-hydrated': [ '0.1.0' ],
25 silly audit   '@radix-ui/react-use-layout-effect': [ '1.1.1' ],
25 silly audit   '@radix-ui/react-use-previous': [ '1.1.1' ],
25 silly audit   '@radix-ui/react-use-rect': [ '1.1.1' ],
25 silly audit   '@radix-ui/react-use-size': [ '1.1.1' ],
25 silly audit   '@radix-ui/react-visually-hidden': [ '1.2.3' ],
25 silly audit   '@radix-ui/rect': [ '1.1.1' ],
25 silly audit   '@react-aria/ssr': [ '3.9.10' ],
25 silly audit   '@restart/hooks': [ '0.4.16', '0.5.1' ],
25 silly audit   '@restart/ui': [ '1.9.4' ],
25 silly audit   uncontrollable: [ '8.0.4', '7.2.1' ],
25 silly audit   '@rolldown/binding-android-arm64': [ '1.0.0-beta.35' ],
25 silly audit   '@rolldown/binding-darwin-arm64': [ '1.0.0-beta.35' ],
25 silly audit   '@rolldown/binding-darwin-x64': [ '1.0.0-beta.35' ],
25 silly audit   '@rolldown/binding-freebsd-x64': [ '1.0.0-beta.35' ],
25 silly audit   '@rolldown/binding-linux-arm-gnueabihf': [ '1.0.0-beta.35' ],
25 silly audit   '@rolldown/binding-linux-arm64-gnu': [ '1.0.0-beta.35' ],
25 silly audit   '@rolldown/binding-linux-arm64-musl': [ '1.0.0-beta.35' ],
25 silly audit   '@rolldown/binding-linux-x64-gnu': [ '1.0.0-beta.35' ],
25 silly audit   '@rolldown/binding-linux-x64-musl': [ '1.0.0-beta.35' ],
25 silly audit   '@rolldown/binding-openharmony-arm64': [ '1.0.0-beta.35' ],
25 silly audit   '@rolldown/binding-wasm32-wasi': [ '1.0.0-beta.35' ],
25 silly audit   '@rolldown/binding-win32-arm64-msvc': [ '1.0.0-beta.35' ],
25 silly audit   '@rolldown/binding-win32-ia32-msvc': [ '1.0.0-beta.35' ],
25 silly audit   '@rolldown/binding-win32-x64-msvc': [ '1.0.0-beta.35' ],
25 silly audit   '@rolldown/pluginutils': [ '1.0.0-beta.27', '1.0.0-beta.35' ],
25 silly audit   '@rollup/pluginutils': [ '5.3.0' ],
25 silly audit   'estree-walker': [ '2.0.2', '3.0.3' ],
25 silly audit   '@rollup/rollup-android-arm-eabi': [ '4.52.5' ],
25 silly audit   '@rollup/rollup-android-arm64': [ '4.52.5' ],
25 silly audit   '@rollup/rollup-darwin-arm64': [ '4.52.5' ],
25 silly audit   '@rollup/rollup-darwin-x64': [ '4.52.5' ],
25 silly audit   '@rollup/rollup-freebsd-arm64': [ '4.52.5' ],
25 silly audit   '@rollup/rollup-freebsd-x64': [ '4.52.5' ],
25 silly audit   '@rollup/rollup-linux-arm-gnueabihf': [ '4.52.5' ],
25 silly audit   '@rollup/rollup-linux-arm-musleabihf': [ '4.52.5' ],
25 silly audit   '@rollup/rollup-linux-arm64-gnu': [ '4.52.5' ],
25 silly audit   '@rollup/rollup-linux-arm64-musl': [ '4.52.5' ],
25 silly audit   '@rollup/rollup-linux-loong64-gnu': [ '4.52.5' ],
25 silly audit   '@rollup/rollup-linux-ppc64-gnu': [ '4.52.5' ],
25 silly audit   '@rollup/rollup-linux-riscv64-gnu': [ '4.52.5' ],
25 silly audit   '@rollup/rollup-linux-riscv64-musl': [ '4.52.5' ],
25 silly audit   '@rollup/rollup-linux-s390x-gnu': [ '4.52.5' ],
25 silly audit   '@rollup/rollup-linux-x64-gnu': [ '4.52.5' ],
25 silly audit   '@rollup/rollup-linux-x64-musl': [ '4.52.5' ],
25 silly audit   '@rollup/rollup-openharmony-arm64': [ '4.52.5' ],
25 silly audit   '@rollup/rollup-win32-arm64-msvc': [ '4.52.5' ],
25 silly audit   '@rollup/rollup-win32-ia32-msvc': [ '4.52.5' ],
25 silly audit   '@rollup/rollup-win32-x64-gnu': [ '4.52.5' ],
25 silly audit   '@rollup/rollup-win32-x64-msvc': [ '4.52.5' ],
25 silly audit   '@sinclair/typebox': [ '0.25.24' ],
25 silly audit   '@standard-schema/utils': [ '0.3.0' ],
25 silly audit   '@swc/core': [ '1.13.5' ],
25 silly audit   '@swc/core-darwin-arm64': [ '1.13.5' ],
25 silly audit   '@swc/core-darwin-x64': [ '1.13.5' ],
25 silly audit   '@swc/core-linux-arm-gnueabihf': [ '1.13.5' ],
25 silly audit   '@swc/core-linux-arm64-gnu': [ '1.13.5' ],
25 silly audit   '@swc/core-linux-arm64-musl': [ '1.13.5' ],
25 silly audit   '@swc/core-linux-x64-gnu': [ '1.13.5' ],
25 silly audit   '@swc/core-linux-x64-musl': [ '1.13.5' ],
25 silly audit   '@swc/core-win32-arm64-msvc': [ '1.13.5' ],
25 silly audit   '@swc/core-win32-ia32-msvc': [ '1.13.5' ],
25 silly audit   '@swc/core-win32-x64-msvc': [ '1.13.5' ],
25 silly audit   '@swc/counter': [ '0.1.3' ],
25 silly audit   '@swc/helpers': [ '0.5.17' ],
25 silly audit   '@swc/types': [ '0.1.25' ],
25 silly audit   '@tanstack/query-core': [ '5.90.10' ],
25 silly audit   '@tanstack/query-devtools': [ '5.91.0' ],
25 silly audit   '@tanstack/react-query': [ '5.90.10' ],
25 silly audit   '@tanstack/react-query-devtools': [ '5.91.0' ],
25 silly audit   '@testing-library/dom': [ '10.4.1' ],
25 silly audit   '@testing-library/jest-dom': [ '6.9.1' ],
25 silly audit   'dom-accessibility-api': [ '0.6.3', '0.5.16' ],
25 silly audit   '@testing-library/react': [ '16.3.0' ],
25 silly audit   '@tootallnate/once': [ '2.0.0' ],
25 silly audit   '@ts-morph/common': [ '0.11.1' ],
25 silly audit   'brace-expansion': [ '1.1.12', '2.0.2' ],
25 silly audit   minimatch: [ '3.1.2', '9.0.5' ],
25 silly audit   '@tsconfig/node10': [ '1.0.11' ],
25 silly audit   '@tsconfig/node12': [ '1.0.11' ],
25 silly audit   '@tsconfig/node14': [ '1.0.3' ],
25 silly audit   '@tsconfig/node16': [ '1.0.4' ],
25 silly audit   '@tybys/wasm-util': [ '0.10.1' ],
25 silly audit   '@types/aria-query': [ '5.0.4' ],
25 silly audit   '@types/chai': [ '5.2.3' ],
25 silly audit   '@types/d3-array': [ '3.2.2' ],
25 silly audit   '@types/d3-color': [ '3.1.3' ],
25 silly audit   '@types/d3-ease': [ '3.0.2' ],
25 silly audit   '@types/d3-interpolate': [ '3.0.4' ],
25 silly audit   '@types/d3-path': [ '3.1.1' ],
25 silly audit   '@types/d3-scale': [ '4.0.9' ],
25 silly audit   '@types/d3-shape': [ '3.1.7' ],
25 silly audit   '@types/d3-time': [ '3.0.4' ],
25 silly audit   '@types/d3-timer': [ '3.0.2' ],
25 silly audit   '@types/deep-eql': [ '4.0.2' ],
25 silly audit   '@types/estree': [ '1.0.8' ],
25 silly audit   '@types/json-schema': [ '7.0.15' ],
25 silly audit   '@types/node': [ '20.19.23', '16.18.11' ],
25 silly audit   '@types/prop-types': [ '15.7.15' ],
25 silly audit   '@types/react': [ '19.2.7' ],
25 silly audit   '@types/react-transition-group': [ '4.4.12' ],
25 silly audit   '@types/warning': [ '3.0.3' ],
25 silly audit   '@vercel/blob': [ '1.0.2' ],
25 silly audit   '@vercel/build-utils': [ '12.2.0' ],
25 silly audit   '@vercel/detect-agent': [ '1.0.0' ],
25 silly audit   '@vercel/error-utils': [ '2.0.3' ],
25 silly audit   '@vercel/express': [ '0.1.0' ],
25 silly audit   zod: [ '3.22.4', '4.1.12' ],
25 silly audit   '@vercel/fun': [ '1.1.6' ],
25 silly audit   debug: [ '4.3.4', '4.4.3' ],
25 silly audit   ms: [ '2.1.2', '2.1.1', '2.1.3' ],
25 silly audit   '@vercel/gatsby-plugin-vercel-analytics': [ '1.0.11' ],
25 silly audit   '@vercel/gatsby-plugin-vercel-builder': [ '2.0.99' ],
25 silly audit   esbuild: [ '0.14.47', '0.25.11' ],
25 silly audit   '@vercel/go': [ '3.2.3' ],
25 silly audit   '@vercel/h3': [ '0.1.7' ],
25 silly audit   '@vercel/hono': [ '0.2.0' ],
25 silly audit   '@vercel/hydrogen': [ '1.3.0' ],
25 silly audit   '@vercel/next': [ '4.14.0' ],
25 silly audit   '@vercel/nft': [ '0.30.1' ],
25 silly audit   '@vercel/node': [ '5.5.0' ],
25 silly audit   'async-listen': [ '3.0.0', '1.2.0', '3.0.1' ],
25 silly audit   'es-module-lexer': [ '1.4.1', '1.7.0' ],
25 silly audit   'node-fetch': [ '2.6.9', '2.6.7' ],
25 silly audit   'path-to-regexp': [ '6.1.0', '1.9.0', '8.3.0', '6.3.0' ],
25 silly audit   tr46: [ '0.0.3', '6.0.0' ],
25 silly audit   typescript: [ '4.9.5', '5.9.3' ],
25 silly audit   undici: [ '5.28.4', '7.16.0', '5.29.0' ],
25 silly audit   'webidl-conversions': [ '3.0.1', '8.0.0' ],
25 silly audit   'whatwg-url': [ '5.0.0', '15.1.0' ],
25 silly audit   '@vercel/python': [ '5.0.10' ],
25 silly audit   '@vercel/redwood': [ '2.4.0' ],
25 silly audit   semver: [ '6.3.1', '7.5.4' ],
25 silly audit   '@vercel/remix-builder': [ '5.5.0' ],
25 silly audit   '@vercel/ruby': [ '2.2.1' ],
25 silly audit   '@vercel/static-build': [ '2.8.0' ],
25 silly audit   '@vercel/static-config': [ '3.1.2' ],
25 silly audit   '@vitejs/plugin-react-swc': [ '3.11.0' ],
25 silly audit   '@vitest/expect': [ '3.2.4' ],
25 silly audit   '@vitest/mocker': [ '3.2.4' ],
25 silly audit   '@vitest/pretty-format': [ '3.2.4' ],
25 silly audit   '@vitest/runner': [ '3.2.4' ],
25 silly audit   '@vitest/snapshot': [ '3.2.4' ],
25 silly audit   '@vitest/spy': [ '3.2.4' ],
25 silly audit   '@vitest/utils': [ '3.2.4' ],
25 silly audit   abbrev: [ '3.0.1' ],
25 silly audit   acorn: [ '8.15.0' ],
25 silly audit   'acorn-import-attributes': [ '1.9.5' ],
25 silly audit   'acorn-walk': [ '8.3.4' ],
25 silly audit   'agent-base': [ '7.1.4' ],
25 silly audit   ajv: [ '8.6.3' ],
25 silly audit   'ansi-regex': [ '5.0.1', '6.2.2' ],
25 silly audit   'ansi-styles': [ '5.2.0', '4.3.0', '6.2.3' ],
25 silly audit   ansis: [ '4.2.0' ],
25 silly audit   'any-promise': [ '1.3.0' ],
25 silly audit   arg: [ '4.1.0' ],
25 silly audit   'aria-hidden': [ '1.2.6' ],
25 silly audit   'aria-query': [ '5.3.0' ],
25 silly audit   'assertion-error': [ '2.0.1' ],
25 silly audit   'async-retry': [ '1.3.3' ],
25 silly audit   'async-sema': [ '3.1.1' ],
25 silly audit   asynckit: [ '0.4.0' ],
25 silly audit   axios: [ '1.13.2' ],
25 silly audit   'balanced-match': [ '1.0.2' ],
25 silly audit   'bidi-js': [ '1.0.3' ],
25 silly audit   bindings: [ '1.5.0' ],
25 silly audit   boolbase: [ '1.0.0' ],
25 silly audit   braces: [ '3.0.3' ],
25 silly audit   'buffer-crc32': [ '0.2.13' ],
25 silly audit   bytes: [ '3.1.0' ],
25 silly audit   cac: [ '6.7.14' ],
25 silly audit   'call-bind-apply-helpers': [ '1.0.2' ],
25 silly audit   chai: [ '5.3.3' ],
25 silly audit   'check-error': [ '2.1.1' ],
25 silly audit   cheerio: [ '1.1.2' ],
25 silly audit   'cheerio-select': [ '2.1.0' ],
25 silly audit   parse5: [ '7.3.0', '8.0.0' ],
25 silly audit   chokidar: [ '4.0.0' ],
25 silly audit   'cjs-module-lexer': [ '1.2.3' ],
25 silly audit   'class-variance-authority': [ '0.7.1' ],
25 silly audit   classnames: [ '2.5.1' ],
25 silly audit   clsx: [ '2.1.1', '1.2.1' ],
25 silly audit   cmdk: [ '1.1.1' ],
25 silly audit   'code-block-writer': [ '10.1.1' ],
25 silly audit   'color-convert': [ '2.0.1' ],
25 silly audit   'color-name': [ '1.1.4' ],
25 silly audit   'combined-stream': [ '1.0.8' ],
25 silly audit   'concat-map': [ '0.0.1' ],
25 silly audit   consola: [ '3.4.2' ],
25 silly audit   'content-type': [ '1.0.4' ],
25 silly audit   'convert-hrtime': [ '3.0.0' ],
25 silly audit   cookie: [ '1.0.2' ],
25 silly audit   'create-require': [ '1.1.1' ],
25 silly audit   'cross-spawn': [ '7.0.6' ],
25 silly audit   'css-select': [ '5.2.2' ],
25 silly audit   'css-tree': [ '3.1.0' ],
25 silly audit   'css-what': [ '6.2.2' ],
25 silly audit   'css.escape': [ '1.5.1' ],
25 silly audit   cssstyle: [ '5.3.1' ],
25 silly audit   csstype: [ '3.2.3' ],
25 silly audit   'd3-array': [ '3.2.4' ],
25 silly audit   'd3-color': [ '3.1.0' ],
25 silly audit   'd3-ease': [ '3.0.1' ],
25 silly audit   'd3-format': [ '3.1.0' ],
25 silly audit   'd3-interpolate': [ '3.0.1' ],
25 silly audit   'd3-path': [ '3.1.0' ],
25 silly audit   'd3-scale': [ '4.0.2' ],
25 silly audit   'd3-shape': [ '3.2.0' ],
25 silly audit   'd3-time': [ '3.1.0' ],
25 silly audit   'd3-time-format': [ '4.1.0' ],
25 silly audit   'd3-timer': [ '3.0.1' ],
25 silly audit   'data-urls': [ '6.0.0' ],
25 silly audit   'date-arithmetic': [ '4.1.0' ],
25 silly audit   'date-fns': [ '3.6.0' ],
25 silly audit   dayjs: [ '1.11.19' ],
25 silly audit   'decimal.js': [ '10.6.0' ],
25 silly audit   'decimal.js-light': [ '2.5.1' ],
25 silly audit   'deep-eql': [ '5.0.2' ],
25 silly audit   'delayed-stream': [ '1.0.0' ],
25 silly audit   depd: [ '1.1.2' ],
25 silly audit   dequal: [ '2.0.3' ],
25 silly audit   'detect-libc': [ '2.1.2' ],
25 silly audit   'detect-node-es': [ '1.1.0' ],
25 silly audit   diff: [ '4.0.2' ],
25 silly audit   'dom-helpers': [ '5.2.1' ],
25 silly audit   'dom-serializer': [ '2.0.0' ],
25 silly audit   entities: [ '4.5.0', '6.0.1' ],
25 silly audit   domelementtype: [ '2.3.0' ],
25 silly audit   domhandler: [ '5.0.3' ],
25 silly audit   domutils: [ '3.2.2' ],
25 silly audit   'dunder-proto': [ '1.0.1' ],
25 silly audit   eastasianwidth: [ '0.2.0' ],
25 silly audit   'edge-runtime': [ '2.5.9' ],
25 silly audit   picocolors: [ '1.0.0', '1.1.1' ],
25 silly audit   'embla-carousel': [ '8.6.0' ],
25 silly audit   'embla-carousel-react': [ '8.6.0' ],
25 silly audit   'embla-carousel-reactive-utils': [ '8.6.0' ],
25 silly audit   'emoji-regex': [ '9.2.2', '8.0.0' ],
25 silly audit   'encoding-sniffer': [ '0.2.1' ],
25 silly audit   'end-of-stream': [ '1.1.0' ],
25 silly audit   'es-define-property': [ '1.0.1' ],
25 silly audit   'es-errors': [ '1.3.0' ],
25 silly audit   'es-object-atoms': [ '1.1.1' ],
25 silly audit   'es-set-tostringtag': [ '2.1.0' ],
25 silly audit   'esbuild-android-64': [ '0.14.47' ],
25 silly audit   'esbuild-android-arm64': [ '0.14.47' ],
25 silly audit   'esbuild-darwin-64': [ '0.14.47' ],
25 silly audit   'esbuild-darwin-arm64': [ '0.14.47' ],
25 silly audit   'esbuild-freebsd-64': [ '0.14.47' ],
25 silly audit   'esbuild-freebsd-arm64': [ '0.14.47' ],
25 silly audit   'esbuild-linux-32': [ '0.14.47' ],
25 silly audit   'esbuild-linux-64': [ '0.14.47' ],
25 silly audit   'esbuild-linux-arm': [ '0.14.47' ],
25 silly audit   'esbuild-linux-arm64': [ '0.14.47' ],
25 silly audit   'esbuild-linux-mips64le': [ '0.14.47' ],
25 silly audit   'esbuild-linux-ppc64le': [ '0.14.47' ],
25 silly audit   'esbuild-linux-riscv64': [ '0.14.47' ],
25 silly audit   'esbuild-linux-s390x': [ '0.14.47' ],
25 silly audit   'esbuild-netbsd-64': [ '0.14.47' ],
25 silly audit   'esbuild-openbsd-64': [ '0.14.47' ],
25 silly audit   'esbuild-sunos-64': [ '0.14.47' ],
25 silly audit   'esbuild-windows-32': [ '0.14.47' ],
25 silly audit   'esbuild-windows-64': [ '0.14.47' ],
25 silly audit   'esbuild-windows-arm64': [ '0.14.47' ],
25 silly audit   etag: [ '1.8.1' ],
25 silly audit   eventemitter3: [ '4.0.7' ],
25 silly audit   'events-intercept': [ '2.0.0' ],
25 silly audit   'expect-type': [ '1.2.2' ],
25 silly audit   'fast-deep-equal': [ '3.1.3' ],
25 silly audit   'fast-equals': [ '5.3.2' ],
25 silly audit   'fast-glob': [ '3.3.3' ],
25 silly audit   fastq: [ '1.19.1' ],
25 silly audit   'fd-slicer': [ '1.1.0' ],
25 silly audit   fdir: [ '6.5.0' ],
25 silly audit   'file-uri-to-path': [ '1.0.0' ],
25 silly audit   'fill-range': [ '7.1.1' ],
25 silly audit   'follow-redirects': [ '1.15.11' ],
25 silly audit   'foreground-child': [ '3.3.1' ],
25 silly audit   'form-data': [ '4.0.4' ],
25 silly audit   'framer-motion': [ '12.23.24' ],
25 silly audit   'fs-extra': [ '11.1.0' ],
25 silly audit   'fs-minipass': [ '2.1.0' ],
25 silly audit   minipass: [ '3.3.6', '7.1.2', '5.0.0' ],
25 silly audit   fsevents: [ '2.3.3' ],
25 silly audit   'function-bind': [ '1.1.2' ],
25 silly audit   'generic-pool': [ '3.4.2' ],
25 silly audit   'get-intrinsic': [ '1.3.0' ],
25 silly audit   'get-nonce': [ '1.0.1' ],
25 silly audit   'get-proto': [ '1.0.1' ],
25 silly audit   glob: [ '10.4.5' ],
25 silly audit   'glob-parent': [ '5.1.2' ],
25 silly audit   globalize: [ '0.1.1' ],
25 silly audit   gopd: [ '1.2.0' ],
25 silly audit   'graceful-fs': [ '4.2.11' ],
25 silly audit   'has-symbols': [ '1.1.0' ],
25 silly audit   'has-tostringtag': [ '1.0.2' ],
25 silly audit   hasown: [ '2.0.2' ],
25 silly audit   'html-encoding-sniffer': [ '4.0.0' ],
25 silly audit   'html-parse-stringify': [ '3.0.1' ],
25 silly audit   htmlparser2: [ '10.0.0' ],
25 silly audit   'http-errors': [ '1.4.0', '1.7.3' ],
25 silly audit   'http-proxy-agent': [ '7.0.2' ],
25 silly audit   'https-proxy-agent': [ '7.0.6' ],
25 silly audit   i18next: [ '25.6.0' ],
25 silly audit   'iconv-lite': [ '0.6.3', '0.4.24' ],
25 silly audit   'indent-string': [ '4.0.0' ],
25 silly audit   inherits: [ '2.0.1', '2.0.4' ],
25 silly audit   'input-otp': [ '1.4.2' ],
25 silly audit   internmap: [ '2.0.3' ],
25 silly audit   invariant: [ '2.2.4' ],
25 silly audit   'is-buffer': [ '2.0.5' ],
25 silly audit   'is-extglob': [ '2.1.1' ],
25 silly audit   'is-fullwidth-code-point': [ '3.0.0' ],
25 silly audit   'is-glob': [ '4.0.3' ],
25 silly audit   'is-node-process': [ '1.2.0' ],
25 silly audit   'is-number': [ '7.0.0' ],
25 silly audit   'is-potential-custom-element-name': [ '1.0.1' ],
25 silly audit   isarray: [ '0.0.1' ],
25 silly audit   isexe: [ '2.0.0' ],
25 silly audit   jackspeak: [ '3.4.3' ],
25 silly audit   jose: [ '5.9.6' ],
25 silly audit   'js-tokens': [ '4.0.0', '9.0.1' ],
25 silly audit   jsdom: [ '27.0.1' ],
25 silly audit   'json-schema-to-ts': [ '1.6.4' ],
25 silly audit   'json-schema-traverse': [ '1.0.0' ],
25 silly audit   jsonfile: [ '6.2.0' ],
25 silly audit   lodash: [ '4.17.21' ],
25 silly audit   'lodash-es': [ '4.17.21' ],
25 silly audit   'loose-envify': [ '1.4.0' ],
25 silly audit   loupe: [ '3.2.1' ],
25 silly audit   'lru-cache': [ '11.2.2', '10.4.3', '6.0.0' ],
25 silly audit   'lucide-react': [ '0.487.0' ],
25 silly audit   luxon: [ '3.7.2' ],
25 silly audit   'lz-string': [ '1.5.0' ],
25 silly audit   'magic-string': [ '0.30.19' ],
25 silly audit   'make-error': [ '1.3.6' ],
25 silly audit   'math-intrinsics': [ '1.1.0' ],
25 silly audit   'mdn-data': [ '2.12.2' ],
25 silly audit   'memoize-one': [ '6.0.0' ],
25 silly audit   merge2: [ '1.4.1' ],
25 silly audit   micro: [ '9.3.5-canary.3' ],
25 silly audit   micromatch: [ '4.0.8' ],
25 silly audit   picomatch: [ '2.3.1', '4.0.3' ],
25 silly audit   'mime-db': [ '1.52.0' ],
25 silly audit   'mime-types': [ '2.1.35' ],
25 silly audit   'min-indent': [ '1.0.1' ],
25 silly audit   mkdirp: [ '1.0.4' ],
25 silly audit   moment: [ '2.30.1' ],
25 silly audit   'moment-timezone': [ '0.5.48' ],
25 silly audit   'motion-dom': [ '12.23.23' ],
25 silly audit   'motion-utils': [ '12.23.6' ],
25 silly audit   mri: [ '1.2.0' ],
25 silly audit   nanoid: [ '3.3.11' ],
25 silly audit   'next-themes': [ '0.4.6' ],
25 silly audit   'node-cron': [ '4.2.1' ],
25 silly audit   'node-gyp-build': [ '4.8.4' ],
25 silly audit   nopt: [ '8.1.0' ],
25 silly audit   'nth-check': [ '2.1.1' ],
25 silly audit   'object-assign': [ '4.1.1' ],
25 silly audit   once: [ '1.3.3' ],
25 silly audit   'os-paths': [ '4.4.0' ],
25 silly audit   'package-json-from-dist': [ '1.0.1' ],
25 silly audit   'parse-ms': [ '2.1.0' ],
25 silly audit   'parse5-htmlparser2-tree-adapter': [ '7.1.0' ],
25 silly audit   'parse5-parser-stream': [ '7.1.2' ],
25 silly audit   'path-browserify': [ '1.0.1' ],
25 silly audit   'path-key': [ '3.1.1' ],
25 silly audit   'path-match': [ '1.2.4' ],
25 silly audit   'path-scurry': [ '1.11.1' ],
25 silly audit   pathe: [ '2.0.3' ],
25 silly audit   pathval: [ '2.0.1' ],
25 silly audit   pend: [ '1.2.0' ],
25 silly audit   postcss: [ '8.5.6' ],
25 silly audit   'pretty-format': [ '27.5.1' ],
25 silly audit   'pretty-ms': [ '7.0.1' ],
25 silly audit   promisepipe: [ '3.0.0' ],
25 silly audit   'prop-types': [ '15.8.1' ],
25 silly audit   'prop-types-extra': [ '1.1.1' ],
25 silly audit   'react-is': [ '16.13.1', '17.0.2', '18.3.1' ],
25 silly audit   'proxy-from-env': [ '1.1.0' ],
25 silly audit   punycode: [ '2.3.1' ],
25 silly audit   'queue-microtask': [ '1.2.3' ],
25 silly audit   'raw-body': [ '2.4.1' ],
25 silly audit   react: [ '18.3.1' ],
25 silly audit   'react-big-calendar': [ '1.19.4' ],
25 silly audit   'react-bootstrap': [ '2.10.10' ],
25 silly audit   'react-day-picker': [ '8.10.1' ],
25 silly audit   'react-dom': [ '18.3.1' ],
25 silly audit   'react-hook-form': [ '7.66.1' ],
25 silly audit   'react-i18next': [ '16.1.5' ],
25 silly audit   'react-icons': [ '5.5.0' ],
25 silly audit   'react-lifecycles-compat': [ '3.0.4' ],
25 silly audit   'react-overlays': [ '5.2.1' ],
25 silly audit   'react-remove-scroll': [ '2.7.1' ],
25 silly audit   'react-remove-scroll-bar': [ '2.3.8' ],
25 silly audit   'react-resizable-panels': [ '2.1.9' ],
25 silly audit   'react-router': [ '7.9.6' ],
25 silly audit   'react-router-dom': [ '7.9.6' ],
25 silly audit   'react-smooth': [ '4.0.4' ],
25 silly audit   'react-style-singleton': [ '2.2.3' ],
25 silly audit   'react-transition-group': [ '4.4.5' ],
25 silly audit   readdirp: [ '4.1.2' ],
25 silly audit   recharts: [ '2.15.4' ],
25 silly audit   'recharts-scale': [ '0.4.5' ],
25 silly audit   redent: [ '3.0.0' ],
25 silly audit   'require-from-string': [ '2.0.2' ],
25 silly audit   'resolve-from': [ '5.0.0' ],
25 silly audit   retry: [ '0.13.1' ],
25 silly audit   reusify: [ '1.1.0' ],
25 silly audit   rolldown: [ '1.0.0-beta.35' ],
25 silly audit   rollup: [ '4.52.5' ],
25 silly audit   'rrweb-cssom': [ '0.8.0' ],
25 silly audit   'run-parallel': [ '1.2.0' ],
25 silly audit   'safer-buffer': [ '2.1.2' ],
25 silly audit   saxes: [ '6.0.0' ],
25 silly audit   scheduler: [ '0.23.2' ],
25 silly audit   'set-cookie-parser': [ '2.7.2' ],
25 silly audit   setprototypeof: [ '1.1.1' ],
25 silly audit   'shebang-command': [ '2.0.0' ],
25 silly audit   'shebang-regex': [ '3.0.0' ],
25 silly audit   siginfo: [ '2.0.0' ],
25 silly audit   'signal-exit': [ '4.0.2' ],
25 silly audit   sonner: [ '2.0.7' ],
25 silly audit   'source-map-js': [ '1.2.1' ],
25 silly audit   stackback: [ '0.0.2' ],
25 silly audit   'stat-mode': [ '0.3.0' ],
25 silly audit   statuses: [ '1.5.0' ],
25 silly audit   'std-env': [ '3.10.0' ],
25 silly audit   'stream-to-array': [ '2.3.0' ],
25 silly audit   'stream-to-promise': [ '2.2.0' ],
25 silly audit   'string-width': [ '5.1.2', '4.2.3' ],
25 silly audit   'strip-ansi': [ '6.0.1', '7.1.2' ],
25 silly audit   'strip-indent': [ '3.0.0' ],
25 silly audit   'strip-literal': [ '3.1.0' ],
25 silly audit   'symbol-tree': [ '3.2.4' ],
25 silly audit   'tailwind-merge': [ '3.3.1' ],
25 silly audit   tailwindcss: [ '4.1.15' ],
25 silly audit   'tailwindcss-animate': [ '1.0.7' ],
25 silly audit   throttleit: [ '2.1.0' ],
25 silly audit   'time-span': [ '4.0.0' ],
25 silly audit   'tiny-invariant': [ '1.3.3' ],
25 silly audit   tinybench: [ '2.9.0' ],
25 silly audit   tinyexec: [ '0.3.2' ],
25 silly audit   tinyglobby: [ '0.2.15' ],
25 silly audit   tinypool: [ '1.1.1' ],
25 silly audit   tinyrainbow: [ '2.0.0' ],
25 silly audit   tinyspy: [ '4.0.4' ],
25 silly audit   tldts: [ '7.0.17' ],
25 silly audit   'tldts-core': [ '7.0.17' ],
25 silly audit   'to-regex-range': [ '5.0.1' ],
25 silly audit   toidentifier: [ '1.0.0' ],
25 silly audit   'tough-cookie': [ '6.0.0' ],
25 silly audit   'tree-kill': [ '1.2.2' ],
25 silly audit   'ts-morph': [ '12.0.0' ],
25 silly audit   'ts-node': [ '10.9.1' ],
25 silly audit   'ts-toolbelt': [ '6.15.5' ],
25 silly audit   tslib: [ '2.8.1' ],
25 silly audit   'uid-promise': [ '1.0.0' ],
25 silly audit   'undici-types': [ '6.21.0' ],
25 silly audit   universalify: [ '2.0.1' ],
25 silly audit   unpipe: [ '1.0.0' ],
25 silly audit   'uri-js': [ '4.4.1' ],
25 silly audit   'use-callback-ref': [ '1.3.3' ],
25 silly audit   'use-sidecar': [ '1.1.3' ],
25 silly audit   'use-sync-external-store': [ '1.6.0' ],
25 silly audit   'v8-compile-cache-lib': [ '3.0.1' ],
25 silly audit   vaul: [ '1.1.2' ],
25 silly audit   vercel: [ '48.6.0' ],
25 silly audit   'victory-vendor': [ '36.9.2' ],
25 silly audit   vite: [ '6.3.5' ],
25 silly audit   'vite-node': [ '3.2.4' ],
25 silly audit   vitest: [ '3.2.4' ],
25 silly audit   'void-elements': [ '3.1.0' ],
25 silly audit   'w3c-xmlserializer': [ '5.0.0' ],
25 silly audit   warning: [ '4.0.3' ],
25 silly audit   'web-vitals': [ '0.2.4' ],
25 silly audit   'whatwg-encoding': [ '3.1.1' ],
25 silly audit   'whatwg-mimetype': [ '4.0.0' ],
25 silly audit   which: [ '2.0.2' ],
25 silly audit   'why-is-node-running': [ '2.3.0' ],
25 silly audit   'wrap-ansi': [ '8.1.0', '7.0.0' ],
25 silly audit   wrappy: [ '1.0.2' ],
25 silly audit   ws: [ '8.18.3' ],
25 silly audit   'xdg-app-paths': [ '5.1.0' ],
25 silly audit   'xdg-portable': [ '7.3.0' ],
25 silly audit   'xml-name-validator': [ '5.0.0' ],
25 silly audit   xmlchars: [ '2.2.0' ],
25 silly audit   yauzl: [ '2.10.0' ],
25 silly audit   'yauzl-clone': [ '1.0.4' ],
25 silly audit   'yauzl-promise': [ '2.1.3' ],
25 silly audit   yn: [ '3.1.1' ],
25 silly audit   bootstrap: [ '5.3.8' ]
25 silly audit }
26 http fetch POST 200 https://registry.npmjs.org/-/npm/v1/security/advisories/bulk 569ms
27 silly audit report {
27 silly audit report   tar: [
27 silly audit report     {
27 silly audit report       id: 1109463,
27 silly audit report       url: 'https://github.com/advisories/GHSA-29xp-372q-xqph',
27 silly audit report       title: 'node-tar has a race condition leading to uninitialized memory exposure',
27 silly audit report       severity: 'moderate',
27 silly audit report       vulnerable_versions: '=7.5.1',
27 silly audit report       cwe: [Array],
27 silly audit report       cvss: [Object]
27 silly audit report     }
27 silly audit report   ],
27 silly audit report   esbuild: [
27 silly audit report     {
27 silly audit report       id: 1102341,
27 silly audit report       url: 'https://github.com/advisories/GHSA-67mh-4wv8-2f99',
27 silly audit report       title: 'esbuild enables any website to send any requests to the development server and read the response',
27 silly audit report       severity: 'moderate',
27 silly audit report       vulnerable_versions: '<=0.24.2',
27 silly audit report       cwe: [Array],
27 silly audit report       cvss: [Object]
27 silly audit report     }
27 silly audit report   ],
27 silly audit report   'path-to-regexp': [
27 silly audit report     {
27 silly audit report       id: 1101846,
27 silly audit report       url: 'https://github.com/advisories/GHSA-9wv6-86v2-598j',
27 silly audit report       title: 'path-to-regexp outputs backtracking regular expressions',
27 silly audit report       severity: 'high',
27 silly audit report       vulnerable_versions: '>=4.0.0 <6.3.0',
27 silly audit report       cwe: [Array],
27 silly audit report       cvss: [Object]
27 silly audit report     }
27 silly audit report   ],
27 silly audit report   undici: [
27 silly audit report     {
27 silly audit report       id: 1101610,
27 silly audit report       url: 'https://github.com/advisories/GHSA-c76h-2ccp-4975',
27 silly audit report       title: 'Use of Insufficiently Random Values in undici',
27 silly audit report       severity: 'moderate',
27 silly audit report       vulnerable_versions: '>=4.5.0 <5.28.5',
27 silly audit report       cwe: [Array],
27 silly audit report       cvss: [Object]
27 silly audit report     },
27 silly audit report     {
27 silly audit report       id: 1104501,
27 silly audit report       url: 'https://github.com/advisories/GHSA-cxrh-j4jr-qwg3',
27 silly audit report       title: 'undici Denial of Service attack via bad certificate data',
27 silly audit report       severity: 'low',
27 silly audit report       vulnerable_versions: '<5.29.0',
27 silly audit report       cwe: [Array],
27 silly audit report       cvss: [Object]
27 silly audit report     }
27 silly audit report   ],
27 silly audit report   glob: [
27 silly audit report     {
27 silly audit report       id: 1109842,
27 silly audit report       url: 'https://github.com/advisories/GHSA-5j98-mcp5-4vw2',
27 silly audit report       title: 'glob CLI: Command injection via -c/--cmd executes matches with shell:true',
27 silly audit report       severity: 'high',
27 silly audit report       vulnerable_versions: '>=10.2.0 <10.5.0',
27 silly audit report       cwe: [Array],
27 silly audit report       cvss: [Object]
27 silly audit report     }
27 silly audit report   ],
27 silly audit report   vite: [
27 silly audit report     {
27 silly audit report       id: 1107324,
27 silly audit report       url: 'https://github.com/advisories/GHSA-g4jq-h2w9-997c',
27 silly audit report       title: 'Vite middleware may serve files starting with the same name with the public directory',
27 silly audit report       severity: 'low',
27 silly audit report       vulnerable_versions: '>=6.0.0 <=6.3.5',
27 silly audit report       cwe: [Array],
27 silly audit report       cvss: [Object]
27 silly audit report     },
27 silly audit report     {
27 silly audit report       id: 1107328,
27 silly audit report       url: 'https://github.com/advisories/GHSA-jqfw-vq24-v9c3',
27 silly audit report       title: "Vite's `server.fs` settings were not applied to HTML files",
27 silly audit report       severity: 'low',
27 silly audit report       vulnerable_versions: '>=6.0.0 <=6.3.5',
27 silly audit report       cwe: [Array],
27 silly audit report       cvss: [Object]
27 silly audit report     },
27 silly audit report     {
27 silly audit report       id: 1109135,
27 silly audit report       url: 'https://github.com/advisories/GHSA-93m4-6634-74q7',
27 silly audit report       title: 'vite allows server.fs.deny bypass via backslash on Windows',
27 silly audit report       severity: 'moderate',
27 silly audit report       vulnerable_versions: '>=6.0.0 <=6.4.0',
27 silly audit report       cwe: [Array],
27 silly audit report       cvss: [Object]
27 silly audit report     }
27 silly audit report   ]
27 silly audit report }
28 silly packumentCache corgi:https://registry.npmjs.org/tar cache-miss
29 silly packumentCache corgi:https://registry.npmjs.org/esbuild cache-miss
30 silly packumentCache corgi:https://registry.npmjs.org/path-to-regexp cache-miss
31 silly packumentCache corgi:https://registry.npmjs.org/undici cache-miss
32 silly packumentCache corgi:https://registry.npmjs.org/glob cache-miss
33 silly packumentCache corgi:https://registry.npmjs.org/vite cache-miss
34 http cache https://registry.npmjs.org/path-to-regexp 15ms (cache hit)
35 silly packumentCache corgi:https://registry.npmjs.org/path-to-regexp set size:63416 disposed:false
36 http cache https://registry.npmjs.org/glob 15ms (cache hit)
37 silly packumentCache corgi:https://registry.npmjs.org/glob set size:159574 disposed:false
38 http cache https://registry.npmjs.org/esbuild 21ms (cache hit)
39 silly packumentCache corgi:https://registry.npmjs.org/esbuild set size:874529 disposed:false
40 http cache https://registry.npmjs.org/tar 26ms (cache hit)
41 silly packumentCache corgi:https://registry.npmjs.org/tar set size:160112 disposed:false
42 http cache https://registry.npmjs.org/undici 27ms (cache hit)
43 silly packumentCache corgi:https://registry.npmjs.org/undici set size:395956 disposed:false
44 http cache https://registry.npmjs.org/vite 34ms (cache hit)
45 silly packumentCache corgi:https://registry.npmjs.org/vite set size:2127348 disposed:false
46 silly packumentCache corgi:https://registry.npmjs.org/@mapbox%2fnode-pre-gyp cache-miss
47 http cache https://registry.npmjs.org/@mapbox%2fnode-pre-gyp 11ms (cache hit)
48 silly packumentCache corgi:https://registry.npmjs.org/@mapbox%2fnode-pre-gyp set size:46069 disposed:false
49 silly packumentCache corgi:https://registry.npmjs.org/@vercel%2fgatsby-plugin-vercel-builder cache-miss
50 silly packumentCache corgi:https://registry.npmjs.org/@vercel%2fnode cache-miss
51 http cache https://registry.npmjs.org/@vercel%2fgatsby-plugin-vercel-builder 6ms (cache hit)
52 silly packumentCache corgi:https://registry.npmjs.org/@vercel%2fgatsby-plugin-vercel-builder set size:202375 disposed:false
53 http cache https://registry.npmjs.org/@vercel%2fnode 10ms (cache hit)
54 silly packumentCache corgi:https://registry.npmjs.org/@vercel%2fnode set size:719978 disposed:false
55 silly packumentCache corgi:https://registry.npmjs.org/@vercel%2fremix-builder cache-miss
56 http cache https://registry.npmjs.org/@vercel%2fremix-builder 6ms (cache hit)
57 silly packumentCache corgi:https://registry.npmjs.org/@vercel%2fremix-builder set size:122124 disposed:false
58 silly packumentCache corgi:https://registry.npmjs.org/@vercel%2fnft cache-miss
59 http cache https://registry.npmjs.org/@vercel%2fnft 5ms (cache hit)
60 silly packumentCache corgi:https://registry.npmjs.org/@vercel%2fnft set size:274769 disposed:false
61 silly packumentCache corgi:https://registry.npmjs.org/@vitejs%2fplugin-react-swc cache-miss
62 silly packumentCache corgi:https://registry.npmjs.org/@vitest%2fmocker cache-miss
63 silly packumentCache corgi:https://registry.npmjs.org/vite-node cache-miss
64 silly packumentCache corgi:https://registry.npmjs.org/vitest cache-miss
65 http cache https://registry.npmjs.org/@vitest%2fmocker 14ms (cache hit)
66 silly packumentCache corgi:https://registry.npmjs.org/@vitest%2fmocker set size:86302 disposed:false
67 http cache https://registry.npmjs.org/vite-node 19ms (cache hit)
68 silly packumentCache corgi:https://registry.npmjs.org/vite-node set size:451021 disposed:false
69 http cache https://registry.npmjs.org/vitest 25ms (cache hit)
70 silly packumentCache corgi:https://registry.npmjs.org/vitest set size:1177953 disposed:false
71 http cache https://registry.npmjs.org/@vitejs%2fplugin-react-swc 31ms (cache hit)
72 silly packumentCache corgi:https://registry.npmjs.org/@vitejs%2fplugin-react-swc set size:35355 disposed:false
73 silly packumentCache corgi:https://registry.npmjs.org/@vercel%2fstatic-build cache-miss
74 http cache https://registry.npmjs.org/@vercel%2fstatic-build 7ms (cache hit)
75 silly packumentCache corgi:https://registry.npmjs.org/@vercel%2fstatic-build set size:536482 disposed:false
76 silly packumentCache corgi:https://registry.npmjs.org/@vercel%2fexpress cache-miss
77 silly packumentCache corgi:https://registry.npmjs.org/@vercel%2fh3 cache-miss
78 silly packumentCache corgi:https://registry.npmjs.org/@vercel%2fhono cache-miss
79 silly packumentCache corgi:https://registry.npmjs.org/vercel cache-miss
80 http cache https://registry.npmjs.org/@vercel%2fexpress 11ms (cache hit)
81 silly packumentCache corgi:https://registry.npmjs.org/@vercel%2fexpress set size:39884 disposed:false
82 http cache https://registry.npmjs.org/@vercel%2fh3 16ms (cache hit)
83 silly packumentCache corgi:https://registry.npmjs.org/@vercel%2fh3 set size:18610 disposed:false
84 http cache https://registry.npmjs.org/@vercel%2fhono 17ms (cache hit)
85 silly packumentCache corgi:https://registry.npmjs.org/@vercel%2fhono set size:42488 disposed:false
86 http cache https://registry.npmjs.org/vercel 23ms (cache hit)
87 silly packumentCache corgi:https://registry.npmjs.org/vercel set size:3547985 disposed:false
88 verbose cwd D:\Assignment\Công nghệ phân mềm\SoftE-Project-251\client
89 verbose os Windows_NT 10.0.26200
90 verbose node v25.1.0
91 verbose npm  v11.6.2
92 verbose exit 0
93 info ok
