0 verbose cli C:\Program Files\nodejs\node.exe C:\Program Files\nodejs\node_modules\npm\bin\npm-cli.js
1 info using npm@11.6.2
2 info using node@v25.1.0
3 silly config load:file:C:\Program Files\nodejs\node_modules\npm\npmrc
4 silly config load:file:d:\Assignment\Công nghệ phân mềm\SoftE-Project-251\client\.npmrc
5 silly config load:file:C:\Users\DELL\.npmrc
6 silly config load:file:d:\Assignment\Công nghệ phân mềm\SoftE-Project-251\client\%PREFIX%\etc\npmrc
7 verbose title npm exec @modelcontextprotocol/server-github
8 verbose argv "exec" "--yes" "--" "@modelcontextprotocol/server-github"
9 verbose logfile logs-max:10 dir:d:\Assignment\Công nghệ phân mềm\SoftE-Project-251\client\%CACHE%\_logs\2025-11-28T11_27_18_399Z-
10 verbose logfile d:\Assignment\Công nghệ phân mềm\SoftE-Project-251\client\%CACHE%\_logs\2025-11-28T11_27_18_399Z-debug-0.log
11 silly logfile start cleaning logs, removing 1 files
12 silly logfile done cleaning log files
13 silly packumentCache heap:2348810240 maxSize:587202560 maxEntrySize:293601280
14 http fetch GET 200 https://registry.npmjs.org/@modelcontextprotocol%2fserver-github 680ms (cache revalidated)
15 silly packumentCache heap:2348810240 maxSize:587202560 maxEntrySize:293601280
16 verbose Could not read global path d:\Assignment\Công nghệ phân mềm\SoftE-Project-251\client\%PREFIX%, ignoring
17 silly packumentCache heap:2348810240 maxSize:587202560 maxEntrySize:293601280
18 verbose cwd d:\Assignment\Công nghệ phân mềm\SoftE-Project-251\client
19 verbose os Windows_NT 10.0.26200
20 verbose node v25.1.0
21 verbose npm  v11.6.2
22 verbose exit 0
23 info ok
